<?xml version="1.0" encoding="UTF-8"?>
<!-- Generated by org.testng.reporters.JUnitReportReporter -->
<testsuite hostname="Srinivas" name="com.inetBankingV4.testCases.TC_LoginDDT_002" tests="4" failures="0" timestamp="21 Sep 2021 17:58:59 GMT" time="36.946" errors="0">
  <testcase name="loginTest" time="8.937" classname="com.inetBankingV4.testCases.TC_LoginDDT_002"/>
  <testcase name="loginTest" time="9.671" classname="com.inetBankingV4.testCases.TC_LoginDDT_002"/>
  <testcase name="loginTest" time="9.943" classname="com.inetBankingV4.testCases.TC_LoginDDT_002"/>
  <testcase name="loginTest" time="8.395" classname="com.inetBankingV4.testCases.TC_LoginDDT_002"/>
</testsuite> <!-- com.inetBankingV4.testCases.TC_LoginDDT_002 -->
